<?xml version="1.0" encoding="UTF-8"?>
<!-- Generated by org.testng.reporters.JUnitReportReporter -->
<testsuite hostname="DESKTOP-0KQFE3I" failures="0" tests="1" name="test2.Login" time="2.293" errors="0" timestamp="2023-10-24T11:53:02 EET" skipped="0">
  <testcase classname="test2.Login" name="Happy_Senario_Login" time="2.293"/>
  <system-out/>
</testsuite> <!-- test2.Login -->
