<?xml version="1.0" encoding="UTF-8"?>
<!-- Generated by org.testng.reporters.JUnitReportReporter -->
<testsuite hostname="DESKTOP-0KQFE3I" failures="0" tests="1" name="test2.SignUp" time="4.927" errors="0" timestamp="2023-10-24T12:49:36 EET" skipped="0">
  <testcase classname="test2.SignUp" name="Sad_Senario_Signup" time="4.927"/>
  <system-out/>
</testsuite> <!-- test2.SignUp -->
